2023-10-05 11:24:45 0 [Note] Starting MariaDB 10.4.28-MariaDB source revision c8f2e9a5c0ac5905f28b050b7df5a9ffd914b7e7 as process 18536
2023-10-05 11:24:45 0 [Note] InnoDB: Mutexes and rw_locks use Windows interlocked functions
2023-10-05 11:24:45 0 [Note] InnoDB: Uses event mutexes
2023-10-05 11:24:45 0 [Note] InnoDB: Compressed tables use zlib 1.2.12
2023-10-05 11:24:45 0 [Note] InnoDB: Number of pools: 1
2023-10-05 11:24:45 0 [Note] InnoDB: Using SSE2 crc32 instructions
2023-10-05 11:24:45 0 [Note] InnoDB: Initializing buffer pool, total size = 16M, instances = 1, chunk size = 16M
2023-10-05 11:24:45 0 [Note] InnoDB: Completed initialization of buffer pool
2023-10-05 11:24:45 0 [Note] InnoDB: Starting crash recovery from checkpoint LSN=300288
2023-10-05 11:24:45 0 [Note] InnoDB: 128 out of 128 rollback segments are active.
2023-10-05 11:24:45 0 [Note] InnoDB: Removed temporary tablespace data file: "ibtmp1"
2023-10-05 11:24:45 0 [Note] InnoDB: Creating shared tablespace for temporary tables
2023-10-05 11:24:45 0 [Note] InnoDB: Setting file 'C:\xampp\mysql\data\ibtmp1' size to 12 MB. Physically writing the file full; Please wait ...
2023-10-05 11:24:45 0 [Note] InnoDB: File 'C:\xampp\mysql\data\ibtmp1' size is now 12 MB.
2023-10-05 11:24:45 0 [Note] InnoDB: Waiting for purge to start
2023-10-05 11:24:45 0 [Note] InnoDB: 10.4.28 started; log sequence number 300297; transaction id 170
2023-10-05 11:24:45 0 [Note] InnoDB: Loading buffer pool(s) from C:\xampp\mysql\data\ib_buffer_pool
2023-10-05 11:24:45 0 [Note] Plugin 'FEEDBACK' is disabled.
2023-10-05 11:24:45 0 [Note] Server socket created on IP: '::'.
2023-10-05 11:24:51 0 [Note] Starting MariaDB 10.4.28-MariaDB source revision c8f2e9a5c0ac5905f28b050b7df5a9ffd914b7e7 as process 13928
2023-10-05 11:24:51 0 [Note] InnoDB: Mutexes and rw_locks use Windows interlocked functions
2023-10-05 11:24:51 0 [Note] InnoDB: Uses event mutexes
2023-10-05 11:24:51 0 [Note] InnoDB: Compressed tables use zlib 1.2.12
2023-10-05 11:24:51 0 [Note] InnoDB: Number of pools: 1
2023-10-05 11:24:51 0 [Note] InnoDB: Using SSE2 crc32 instructions
2023-10-05 11:24:51 0 [Note] InnoDB: Initializing buffer pool, total size = 16M, instances = 1, chunk size = 16M
2023-10-05 11:24:51 0 [Note] InnoDB: Completed initialization of buffer pool
2023-10-05 11:24:51 0 [Note] InnoDB: Starting crash recovery from checkpoint LSN=300288
2023-10-05 11:24:51 0 [Note] InnoDB: 128 out of 128 rollback segments are active.
2023-10-05 11:24:51 0 [Note] InnoDB: Removed temporary tablespace data file: "ibtmp1"
2023-10-05 11:24:51 0 [Note] InnoDB: Creating shared tablespace for temporary tables
2023-10-05 11:24:51 0 [Note] InnoDB: Setting file 'C:\xampp\mysql\data\ibtmp1' size to 12 MB. Physically writing the file full; Please wait ...
2023-10-05 11:24:51 0 [Note] InnoDB: File 'C:\xampp\mysql\data\ibtmp1' size is now 12 MB.
2023-10-05 11:24:51 0 [Note] InnoDB: Waiting for purge to start
2023-10-05 11:24:51 0 [Note] InnoDB: 10.4.28 started; log sequence number 300297; transaction id 170
2023-10-05 11:24:51 0 [Note] InnoDB: Loading buffer pool(s) from C:\xampp\mysql\data\ib_buffer_pool
2023-10-05 11:24:51 0 [Note] Plugin 'FEEDBACK' is disabled.
2023-10-05 11:24:51 0 [Note] Server socket created on IP: '::'.
2023-10-05 12:53:19 0 [Note] Starting MariaDB 10.4.28-MariaDB source revision c8f2e9a5c0ac5905f28b050b7df5a9ffd914b7e7 as process 8668
2023-10-05 12:53:19 0 [Note] InnoDB: Mutexes and rw_locks use Windows interlocked functions
2023-10-05 12:53:20 0 [Note] InnoDB: Uses event mutexes
2023-10-05 12:53:20 0 [Note] InnoDB: Compressed tables use zlib 1.2.12
2023-10-05 12:53:20 0 [Note] InnoDB: Number of pools: 1
2023-10-05 12:53:20 0 [Note] InnoDB: Using SSE2 crc32 instructions
2023-10-05 12:53:20 0 [Note] InnoDB: Initializing buffer pool, total size = 16M, instances = 1, chunk size = 16M
2023-10-05 12:53:20 0 [Note] InnoDB: Completed initialization of buffer pool
2023-10-05 12:53:20 0 [Note] InnoDB: Starting crash recovery from checkpoint LSN=300306
2023-10-05 12:53:20 0 [Note] InnoDB: 128 out of 128 rollback segments are active.
2023-10-05 12:53:20 0 [Note] InnoDB: Removed temporary tablespace data file: "ibtmp1"
2023-10-05 12:53:20 0 [Note] InnoDB: Creating shared tablespace for temporary tables
2023-10-05 12:53:20 0 [Note] InnoDB: Setting file 'C:\xampp\mysql\data\ibtmp1' size to 12 MB. Physically writing the file full; Please wait ...
2023-10-05 12:53:20 0 [Note] InnoDB: File 'C:\xampp\mysql\data\ibtmp1' size is now 12 MB.
2023-10-05 12:53:20 0 [Note] InnoDB: Waiting for purge to start
2023-10-05 12:53:20 0 [Note] InnoDB: 10.4.28 started; log sequence number 300315; transaction id 170
2023-10-05 12:53:20 0 [Note] InnoDB: Loading buffer pool(s) from C:\xampp\mysql\data\ib_buffer_pool
2023-10-05 12:53:20 0 [Note] Plugin 'FEEDBACK' is disabled.
2023-10-05 12:53:20 0 [Note] Server socket created on IP: '::'.
2023-10-12 13:28:53 0 [Note] Starting MariaDB 10.4.28-MariaDB source revision c8f2e9a5c0ac5905f28b050b7df5a9ffd914b7e7 as process 2772
2023-10-12 13:28:53 0 [Note] InnoDB: Mutexes and rw_locks use Windows interlocked functions
2023-10-12 13:28:53 0 [Note] InnoDB: Uses event mutexes
2023-10-12 13:28:53 0 [Note] InnoDB: Compressed tables use zlib 1.2.12
2023-10-12 13:28:53 0 [Note] InnoDB: Number of pools: 1
2023-10-12 13:28:53 0 [Note] InnoDB: Using SSE2 crc32 instructions
2023-10-12 13:28:53 0 [Note] InnoDB: Initializing buffer pool, total size = 16M, instances = 1, chunk size = 16M
2023-10-12 13:28:53 0 [Note] InnoDB: Completed initialization of buffer pool
2023-10-12 13:28:53 0 [Note] InnoDB: Starting crash recovery from checkpoint LSN=307774
2023-10-12 13:28:53 0 [Note] InnoDB: 128 out of 128 rollback segments are active.
2023-10-12 13:28:53 0 [Note] InnoDB: Removed temporary tablespace data file: "ibtmp1"
2023-10-12 13:28:53 0 [Note] InnoDB: Creating shared tablespace for temporary tables
2023-10-12 13:28:53 0 [Note] InnoDB: Setting file 'C:\xampp\mysql\data\ibtmp1' size to 12 MB. Physically writing the file full; Please wait ...
2023-10-12 13:28:53 0 [Note] InnoDB: File 'C:\xampp\mysql\data\ibtmp1' size is now 12 MB.
2023-10-12 13:28:53 0 [Note] InnoDB: 10.4.28 started; log sequence number 307783; transaction id 206
2023-10-12 13:28:53 0 [Note] InnoDB: Loading buffer pool(s) from C:\xampp\mysql\data\ib_buffer_pool
2023-10-12 13:28:53 0 [Note] Plugin 'FEEDBACK' is disabled.
2023-10-12 13:28:53 0 [Note] InnoDB: Buffer pool(s) load completed at 231012 13:28:53
2023-10-12 13:28:53 0 [Note] Server socket created on IP: '::'.
2023-10-24 11:01:40 0 [Note] Starting MariaDB 10.4.28-MariaDB source revision c8f2e9a5c0ac5905f28b050b7df5a9ffd914b7e7 as process 5024
2023-10-24 11:01:40 0 [Note] InnoDB: Mutexes and rw_locks use Windows interlocked functions
2023-10-24 11:01:40 0 [Note] InnoDB: Uses event mutexes
2023-10-24 11:01:40 0 [Note] InnoDB: Compressed tables use zlib 1.2.12
2023-10-24 11:01:40 0 [Note] InnoDB: Number of pools: 1
2023-10-24 11:01:40 0 [Note] InnoDB: Using SSE2 crc32 instructions
2023-10-24 11:01:40 0 [Note] InnoDB: Initializing buffer pool, total size = 16M, instances = 1, chunk size = 16M
2023-10-24 11:01:40 0 [Note] InnoDB: Completed initialization of buffer pool
2023-10-24 11:01:40 0 [Note] InnoDB: Starting crash recovery from checkpoint LSN=308998
2023-10-24 11:01:41 0 [Note] InnoDB: 128 out of 128 rollback segments are active.
2023-10-24 11:01:41 0 [Note] InnoDB: Removed temporary tablespace data file: "ibtmp1"
2023-10-24 11:01:41 0 [Note] InnoDB: Creating shared tablespace for temporary tables
2023-10-24 11:01:41 0 [Note] InnoDB: Setting file 'C:\xampp\mysql\data\ibtmp1' size to 12 MB. Physically writing the file full; Please wait ...
2023-10-24 11:01:41 0 [Note] InnoDB: File 'C:\xampp\mysql\data\ibtmp1' size is now 12 MB.
2023-10-24 11:01:41 0 [Note] InnoDB: Waiting for purge to start
2023-10-24 11:01:41 0 [Note] InnoDB: 10.4.28 started; log sequence number 309007; transaction id 234
2023-10-24 11:01:41 0 [Note] InnoDB: Loading buffer pool(s) from C:\xampp\mysql\data\ib_buffer_pool
2023-10-24 11:01:41 0 [Note] Plugin 'FEEDBACK' is disabled.
2023-10-24 11:01:41 0 [Note] InnoDB: Buffer pool(s) load completed at 231024 11:01:41
2023-10-24 11:01:41 0 [Note] Server socket created on IP: '::'.
2023-10-26 11:02:59 0 [Note] Starting MariaDB 10.4.28-MariaDB source revision c8f2e9a5c0ac5905f28b050b7df5a9ffd914b7e7 as process 3840
2023-10-26 11:02:59 0 [Note] InnoDB: Mutexes and rw_locks use Windows interlocked functions
2023-10-26 11:02:59 0 [Note] InnoDB: Uses event mutexes
2023-10-26 11:02:59 0 [Note] InnoDB: Compressed tables use zlib 1.2.12
2023-10-26 11:02:59 0 [Note] InnoDB: Number of pools: 1
2023-10-26 11:02:59 0 [Note] InnoDB: Using SSE2 crc32 instructions
2023-10-26 11:02:59 0 [Note] InnoDB: Initializing buffer pool, total size = 16M, instances = 1, chunk size = 16M
2023-10-26 11:02:59 0 [Note] InnoDB: Completed initialization of buffer pool
2023-10-26 11:02:59 0 [Note] InnoDB: Starting crash recovery from checkpoint LSN=314079
2023-10-26 11:02:59 0 [Note] InnoDB: 128 out of 128 rollback segments are active.
2023-10-26 11:02:59 0 [Note] InnoDB: Removed temporary tablespace data file: "ibtmp1"
2023-10-26 11:02:59 0 [Note] InnoDB: Creating shared tablespace for temporary tables
2023-10-26 11:02:59 0 [Note] InnoDB: Setting file 'C:\xampp\mysql\data\ibtmp1' size to 12 MB. Physically writing the file full; Please wait ...
2023-10-26 11:02:59 0 [Note] InnoDB: File 'C:\xampp\mysql\data\ibtmp1' size is now 12 MB.
2023-10-26 11:02:59 0 [Note] InnoDB: Waiting for purge to start
2023-10-26 11:02:59 0 [Note] InnoDB: 10.4.28 started; log sequence number 314088; transaction id 276
2023-10-26 11:02:59 0 [Note] InnoDB: Loading buffer pool(s) from C:\xampp\mysql\data\ib_buffer_pool
2023-10-26 11:02:59 0 [Note] Plugin 'FEEDBACK' is disabled.
2023-10-26 11:02:59 0 [Note] InnoDB: Buffer pool(s) load completed at 231026 11:02:59
2023-10-26 11:02:59 0 [Note] Server socket created on IP: '::'.
2023-10-26 11:08:49 0 [Note] Starting MariaDB 10.4.28-MariaDB source revision c8f2e9a5c0ac5905f28b050b7df5a9ffd914b7e7 as process 9360
2023-10-26 11:08:49 0 [Note] InnoDB: Mutexes and rw_locks use Windows interlocked functions
2023-10-26 11:08:49 0 [Note] InnoDB: Uses event mutexes
2023-10-26 11:08:49 0 [Note] InnoDB: Compressed tables use zlib 1.2.12
2023-10-26 11:08:49 0 [Note] InnoDB: Number of pools: 1
2023-10-26 11:08:49 0 [Note] InnoDB: Using SSE2 crc32 instructions
2023-10-26 11:08:49 0 [Note] InnoDB: Initializing buffer pool, total size = 16M, instances = 1, chunk size = 16M
2023-10-26 11:08:49 0 [Note] InnoDB: Completed initialization of buffer pool
2023-10-26 11:08:49 0 [Note] InnoDB: Starting crash recovery from checkpoint LSN=314097
2023-10-26 11:08:49 0 [Note] InnoDB: Starting final batch to recover 1 pages from redo log.
2023-10-26 11:08:50 0 [Note] InnoDB: 128 out of 128 rollback segments are active.
2023-10-26 11:08:50 0 [Note] InnoDB: Removed temporary tablespace data file: "ibtmp1"
2023-10-26 11:08:50 0 [Note] InnoDB: Creating shared tablespace for temporary tables
2023-10-26 11:08:50 0 [Note] InnoDB: Setting file 'C:\xampp\mysql\data\ibtmp1' size to 12 MB. Physically writing the file full; Please wait ...
2023-10-26 11:08:50 0 [Note] InnoDB: File 'C:\xampp\mysql\data\ibtmp1' size is now 12 MB.
2023-10-26 11:08:50 0 [Note] InnoDB: Waiting for purge to start
2023-10-26 11:08:50 0 [Note] InnoDB: 10.4.28 started; log sequence number 314351; transaction id 299
2023-10-26 11:08:50 0 [Note] InnoDB: Loading buffer pool(s) from C:\xampp\mysql\data\ib_buffer_pool
2023-10-26 11:08:50 0 [Note] Plugin 'FEEDBACK' is disabled.
2023-10-26 11:08:50 0 [Note] InnoDB: Buffer pool(s) load completed at 231026 11:08:50
2023-10-26 11:08:50 0 [Note] Server socket created on IP: '::'.
2023-11-19 11:17:00 0 [Note] Starting MariaDB 10.4.28-MariaDB source revision c8f2e9a5c0ac5905f28b050b7df5a9ffd914b7e7 as process 5560
2023-11-19 11:17:00 0 [Note] InnoDB: Mutexes and rw_locks use Windows interlocked functions
2023-11-19 11:17:00 0 [Note] InnoDB: Uses event mutexes
2023-11-19 11:17:00 0 [Note] InnoDB: Compressed tables use zlib 1.2.12
2023-11-19 11:17:00 0 [Note] InnoDB: Number of pools: 1
2023-11-19 11:17:00 0 [Note] InnoDB: Using SSE2 crc32 instructions
2023-11-19 11:17:00 0 [Note] InnoDB: Initializing buffer pool, total size = 16M, instances = 1, chunk size = 16M
2023-11-19 11:17:00 0 [Note] InnoDB: Completed initialization of buffer pool
2023-11-19 11:17:00 0 [Note] InnoDB: Starting crash recovery from checkpoint LSN=343180
2023-11-19 11:17:00 0 [Note] InnoDB: 128 out of 128 rollback segments are active.
2023-11-19 11:17:00 0 [Note] InnoDB: Removed temporary tablespace data file: "ibtmp1"
2023-11-19 11:17:00 0 [Note] InnoDB: Creating shared tablespace for temporary tables
2023-11-19 11:17:00 0 [Note] InnoDB: Setting file 'C:\xampp\mysql\data\ibtmp1' size to 12 MB. Physically writing the file full; Please wait ...
2023-11-19 11:17:00 0 [Note] InnoDB: File 'C:\xampp\mysql\data\ibtmp1' size is now 12 MB.
2023-11-19 11:17:00 0 [Note] InnoDB: Waiting for purge to start
2023-11-19 11:17:00 0 [Note] InnoDB: 10.4.28 started; log sequence number 343189; transaction id 389
2023-11-19 11:17:00 0 [Note] InnoDB: Loading buffer pool(s) from C:\xampp\mysql\data\ib_buffer_pool
2023-11-19 11:17:00 0 [Note] Plugin 'FEEDBACK' is disabled.
2023-11-19 11:17:00 0 [Note] InnoDB: Buffer pool(s) load completed at 231119 11:17:00
2023-11-19 11:17:00 0 [Note] Server socket created on IP: '::'.
2023-11-19 12:29:47 0 [Note] Starting MariaDB 10.4.28-MariaDB source revision c8f2e9a5c0ac5905f28b050b7df5a9ffd914b7e7 as process 21468
2023-11-19 12:29:47 0 [Note] mysqld.exe: Aria engine: starting recovery
recovered pages: 0% 10% 26% 37% 52% 62% 81% 100% (0.0 seconds); tables to flush: 2 1 0
 (0.0 seconds); 
2023-11-19 12:29:47 0 [Note] mysqld.exe: Aria engine: recovery done
2023-11-19 12:29:47 0 [Note] InnoDB: Mutexes and rw_locks use Windows interlocked functions
2023-11-19 12:29:47 0 [Note] InnoDB: Uses event mutexes
2023-11-19 12:29:47 0 [Note] InnoDB: Compressed tables use zlib 1.2.12
2023-11-19 12:29:47 0 [Note] InnoDB: Number of pools: 1
2023-11-19 12:29:47 0 [Note] InnoDB: Using SSE2 crc32 instructions
2023-11-19 12:29:47 0 [Note] InnoDB: Initializing buffer pool, total size = 16M, instances = 1, chunk size = 16M
2023-11-19 12:29:47 0 [Note] InnoDB: Completed initialization of buffer pool
2023-11-19 12:29:47 0 [Note] InnoDB: Starting crash recovery from checkpoint LSN=344470
2023-11-19 12:29:47 0 [Note] InnoDB: 128 out of 128 rollback segments are active.
2023-11-19 12:29:47 0 [Note] InnoDB: Removed temporary tablespace data file: "ibtmp1"
2023-11-19 12:29:47 0 [Note] InnoDB: Creating shared tablespace for temporary tables
2023-11-19 12:29:47 0 [Note] InnoDB: Setting file 'C:\xampp\mysql\data\ibtmp1' size to 12 MB. Physically writing the file full; Please wait ...
2023-11-19 12:29:47 0 [Note] InnoDB: File 'C:\xampp\mysql\data\ibtmp1' size is now 12 MB.
2023-11-19 12:29:47 0 [Note] InnoDB: Waiting for purge to start
2023-11-19 12:29:47 0 [Note] InnoDB: 10.4.28 started; log sequence number 344479; transaction id 418
2023-11-19 12:29:47 0 [Note] InnoDB: Loading buffer pool(s) from C:\xampp\mysql\data\ib_buffer_pool
2023-11-19 12:29:47 0 [Note] Plugin 'FEEDBACK' is disabled.
2023-11-19 12:29:47 0 [Note] Server socket created on IP: '::'.
